<?xml version="1.0" encoding="UTF-8"?>
<!-- Generated by org.testng.reporters.JUnitReportReporter -->
<testsuite skipped="0" hostname="DELL" name="demo.TestChrome" tests="1" failures="0" timestamp="25 Apr 2021 06:16:25 GMT" time="9.156" errors="0">
  <testcase name="TestChrome" time="9.156" classname="demo.TestChrome"/>
</testsuite> <!-- demo.TestChrome -->
