<?xml version="1.0" encoding="UTF-8"?>
<!-- Generated by org.testng.reporters.JUnitReportReporter -->
<testsuite skipped="0" hostname="DELL" name="parallelexecution.ParallelTest" tests="3" failures="0" timestamp="12 Mar 2021 07:53:07 GMT" time="28.444" errors="0">
  <testcase name="excutesessionOne" time="7.937" classname="parallelexecution.ParallelTest"/>
  <testcase name="excutesessionthird" time="4.027" classname="parallelexecution.ParallelTest"/>
  <testcase name="excutesessiontwo" time="16.480" classname="parallelexecution.ParallelTest"/>
</testsuite> <!-- parallelexecution.ParallelTest -->
