<?xml version="1.0" encoding="UTF-8"?>
<!-- Generated by org.testng.reporters.JUnitReportReporter -->
<testsuite skipped="0" hostname="DELL" name="selenium.BrowserPopUp" tests="1" failures="0" timestamp="05 Apr 2021 00:54:03 GMT" time="14.649" errors="0">
  <testcase name="WindowsHandle" time="14.649" classname="selenium.BrowserPopUp"/>
</testsuite> <!-- selenium.BrowserPopUp -->
